<?xml version="1.0" encoding="UTF-8"?>
<coverage generated="1626619896301" clover="3.2.0">
  <project timestamp="1626619896301" name="All files">
    <metrics statements="59" coveredstatements="59" conditionals="48" coveredconditionals="48" methods="6" coveredmethods="6" elements="113" coveredelements="113" complexity="0" loc="59" ncloc="59" packages="1" files="3" classes="3"/>
    <file name="concurrencyControlWrapper.js" path="E:\pzy-workspace\opensource-component\vue2\panzy-comm-js\packages\concurrencyControlWrapper.js">
      <metrics statements="21" coveredstatements="21" conditionals="12" coveredconditionals="12" methods="2" coveredmethods="2"/>
      <line num="24" count="1" type="stmt"/>
      <line num="26" count="5" type="stmt"/>
      <line num="27" count="5" type="stmt"/>
      <line num="28" count="8" type="cond" truecount="2" falsecount="0"/>
      <line num="30" count="3" type="stmt"/>
      <line num="33" count="5" type="stmt"/>
      <line num="34" count="5" type="stmt"/>
      <line num="35" count="5" type="stmt"/>
      <line num="36" count="5" type="cond" truecount="2" falsecount="0"/>
      <line num="37" count="3" type="cond" truecount="2" falsecount="0"/>
      <line num="38" count="1" type="stmt"/>
      <line num="40" count="3" type="cond" truecount="2" falsecount="0"/>
      <line num="41" count="2" type="stmt"/>
      <line num="44" count="5" type="stmt"/>
      <line num="46" count="5" type="stmt"/>
      <line num="47" count="2" type="cond" truecount="2" falsecount="0"/>
      <line num="48" count="2" type="stmt"/>
      <line num="50" count="3" type="cond" truecount="2" falsecount="0"/>
      <line num="51" count="2" type="stmt"/>
      <line num="53" count="1" type="stmt"/>
      <line num="57" count="5" type="stmt"/>
    </file>
    <file name="deepClone.js" path="E:\pzy-workspace\opensource-component\vue2\panzy-comm-js\packages\deepClone.js">
      <metrics statements="10" coveredstatements="10" conditionals="12" coveredconditionals="12" methods="1" coveredmethods="1"/>
      <line num="11" count="1" type="stmt"/>
      <line num="12" count="5" type="cond" truecount="4" falsecount="0"/>
      <line num="13" count="4" type="cond" truecount="2" falsecount="0"/>
      <line num="14" count="3" type="cond" truecount="2" falsecount="0"/>
      <line num="15" count="2" type="stmt"/>
      <line num="16" count="2" type="stmt"/>
      <line num="17" count="6" type="cond" truecount="2" falsecount="0"/>
      <line num="19" count="5" type="stmt"/>
      <line num="21" count="5" type="cond" truecount="2" falsecount="0"/>
      <line num="24" count="2" type="stmt"/>
    </file>
    <file name="mapStruct.js" path="E:\pzy-workspace\opensource-component\vue2\panzy-comm-js\packages\mapStruct.js">
      <metrics statements="28" coveredstatements="28" conditionals="24" coveredconditionals="24" methods="3" coveredmethods="3"/>
      <line num="14" count="1" type="stmt"/>
      <line num="19" count="15" type="cond" truecount="4" falsecount="0"/>
      <line num="21" count="2" type="stmt"/>
      <line num="24" count="13" type="cond" truecount="2" falsecount="0"/>
      <line num="26" count="12" type="cond" truecount="2" falsecount="0"/>
      <line num="28" count="11" type="stmt"/>
      <line num="30" count="11" type="stmt"/>
      <line num="32" count="31" type="stmt"/>
      <line num="34" count="31" type="stmt"/>
      <line num="35" count="31" type="cond" truecount="2" falsecount="0"/>
      <line num="36" count="22" type="cond" truecount="2" falsecount="0"/>
      <line num="38" count="20" type="stmt"/>
      <line num="42" count="2" type="cond" truecount="2" falsecount="0"/>
      <line num="46" count="2" type="stmt"/>
      <line num="48" count="22" type="cond" truecount="2" falsecount="0"/>
      <line num="50" count="1" type="stmt"/>
      <line num="54" count="9" type="stmt"/>
      <line num="57" count="11" type="stmt"/>
      <line num="69" count="1" type="stmt"/>
      <line num="74" count="3" type="cond" truecount="4" falsecount="0"/>
      <line num="75" count="1" type="stmt"/>
      <line num="76" count="2" type="cond" truecount="2" falsecount="0"/>
      <line num="77" count="1" type="stmt"/>
      <line num="79" count="1" type="stmt"/>
      <line num="80" count="1" type="stmt"/>
      <line num="81" count="2" type="stmt"/>
      <line num="82" count="2" type="stmt"/>
      <line num="84" count="1" type="stmt"/>
    </file>
  </project>
</coverage>
