{"E:\\pzy-workspace\\opensource-component\\vue2\\panzy-comm-js\\packages\\concurrencyControlWrapper.js": {"path":"E:\\pzy-workspace\\opensource-component\\vue2\\panzy-comm-js\\packages\\concurrencyControlWrapper.js","statementMap":{"0":{"start":{"line":24,"column":41},"end":{"line":60,"column":1}},"1":{"start":{"line":26,"column":18},"end":{"line":26,"column":23}},"2":{"start":{"line":27,"column":2},"end":{"line":59,"column":3}},"3":{"start":{"line":28,"column":4},"end":{"line":31,"column":5}},"4":{"start":{"line":30,"column":6},"end":{"line":30,"column":12}},"5":{"start":{"line":33,"column":4},"end":{"line":33,"column":20}},"6":{"start":{"line":34,"column":22},"end":{"line":34,"column":26}},"7":{"start":{"line":35,"column":22},"end":{"line":35,"column":26}},"8":{"start":{"line":36,"column":4},"end":{"line":43,"column":5}},"9":{"start":{"line":37,"column":6},"end":{"line":39,"column":7}},"10":{"start":{"line":38,"column":8},"end":{"line":38,"column":41}},"11":{"start":{"line":40,"column":6},"end":{"line":42,"column":7}},"12":{"start":{"line":41,"column":8},"end":{"line":41,"column":41}},"13":{"start":{"line":44,"column":4},"end":{"line":58,"column":5}},"14":{"start":{"line":46,"column":18},"end":{"line":46,"column":44}},"15":{"start":{"line":47,"column":6},"end":{"line":47,"column":45}},"16":{"start":{"line":48,"column":6},"end":{"line":48,"column":16}},"17":{"start":{"line":50,"column":6},"end":{"line":54,"column":7}},"18":{"start":{"line":51,"column":8},"end":{"line":51,"column":30}},"19":{"start":{"line":53,"column":8},"end":{"line":53,"column":17}},"20":{"start":{"line":57,"column":6},"end":{"line":57,"column":23}}},"fnMap":{"0":{"name":"(anonymous_0)","decl":{"start":{"line":24,"column":41},"end":{"line":24,"column":42}},"loc":{"start":{"line":24,"column":75},"end":{"line":60,"column":1}},"line":24},"1":{"name":"(anonymous_1)","decl":{"start":{"line":27,"column":9},"end":{"line":27,"column":10}},"loc":{"start":{"line":27,"column":28},"end":{"line":59,"column":3}},"line":27}},"branchMap":{"0":{"loc":{"start":{"line":28,"column":4},"end":{"line":31,"column":5}},"type":"if","locations":[{"start":{"line":28,"column":4},"end":{"line":31,"column":5}},{"start":{"line":28,"column":4},"end":{"line":31,"column":5}}],"line":28},"1":{"loc":{"start":{"line":36,"column":4},"end":{"line":43,"column":5}},"type":"if","locations":[{"start":{"line":36,"column":4},"end":{"line":43,"column":5}},{"start":{"line":36,"column":4},"end":{"line":43,"column":5}}],"line":36},"2":{"loc":{"start":{"line":37,"column":6},"end":{"line":39,"column":7}},"type":"if","locations":[{"start":{"line":37,"column":6},"end":{"line":39,"column":7}},{"start":{"line":37,"column":6},"end":{"line":39,"column":7}}],"line":37},"3":{"loc":{"start":{"line":40,"column":6},"end":{"line":42,"column":7}},"type":"if","locations":[{"start":{"line":40,"column":6},"end":{"line":42,"column":7}},{"start":{"line":40,"column":6},"end":{"line":42,"column":7}}],"line":40},"4":{"loc":{"start":{"line":47,"column":6},"end":{"line":47,"column":45}},"type":"binary-expr","locations":[{"start":{"line":47,"column":6},"end":{"line":47,"column":17}},{"start":{"line":47,"column":22},"end":{"line":47,"column":44}}],"line":47},"5":{"loc":{"start":{"line":50,"column":6},"end":{"line":54,"column":7}},"type":"if","locations":[{"start":{"line":50,"column":6},"end":{"line":54,"column":7}},{"start":{"line":50,"column":6},"end":{"line":54,"column":7}}],"line":50}},"s":{"0":1,"1":5,"2":5,"3":8,"4":3,"5":5,"6":5,"7":5,"8":5,"9":3,"10":1,"11":3,"12":2,"13":5,"14":5,"15":2,"16":2,"17":3,"18":2,"19":1,"20":5},"f":{"0":5,"1":8},"b":{"0":[3,5],"1":[3,2],"2":[1,2],"3":[2,1],"4":[2,1],"5":[2,1]},"_coverageSchema":"1a1c01bbd47fc00a2c39e90264f33305004495a9","hash":"e742bb1632341b9b8c9390d87d8e8f839789ca60"}
,"E:\\pzy-workspace\\opensource-component\\vue2\\panzy-comm-js\\packages\\deepClone.js": {"path":"E:\\pzy-workspace\\opensource-component\\vue2\\panzy-comm-js\\packages\\deepClone.js","statementMap":{"0":{"start":{"line":11,"column":25},"end":{"line":25,"column":1}},"1":{"start":{"line":12,"column":2},"end":{"line":12,"column":51}},"2":{"start":{"line":12,"column":41},"end":{"line":12,"column":51}},"3":{"start":{"line":13,"column":2},"end":{"line":13,"column":41}},"4":{"start":{"line":13,"column":31},"end":{"line":13,"column":41}},"5":{"start":{"line":14,"column":2},"end":{"line":14,"column":52}},"6":{"start":{"line":14,"column":32},"end":{"line":14,"column":52}},"7":{"start":{"line":15,"column":17},"end":{"line":15,"column":38}},"8":{"start":{"line":16,"column":2},"end":{"line":23,"column":3}},"9":{"start":{"line":17,"column":4},"end":{"line":22,"column":5}},"10":{"start":{"line":19,"column":18},"end":{"line":19,"column":26}},"11":{"start":{"line":21,"column":6},"end":{"line":21,"column":66}},"12":{"start":{"line":24,"column":2},"end":{"line":24,"column":15}}},"fnMap":{"0":{"name":"(anonymous_0)","decl":{"start":{"line":11,"column":25},"end":{"line":11,"column":26}},"loc":{"start":{"line":11,"column":34},"end":{"line":25,"column":1}},"line":11}},"branchMap":{"0":{"loc":{"start":{"line":12,"column":2},"end":{"line":12,"column":51}},"type":"if","locations":[{"start":{"line":12,"column":2},"end":{"line":12,"column":51}},{"start":{"line":12,"column":2},"end":{"line":12,"column":51}}],"line":12},"1":{"loc":{"start":{"line":12,"column":6},"end":{"line":12,"column":39}},"type":"binary-expr","locations":[{"start":{"line":12,"column":6},"end":{"line":12,"column":18}},{"start":{"line":12,"column":22},"end":{"line":12,"column":39}}],"line":12},"2":{"loc":{"start":{"line":13,"column":2},"end":{"line":13,"column":41}},"type":"if","locations":[{"start":{"line":13,"column":2},"end":{"line":13,"column":41}},{"start":{"line":13,"column":2},"end":{"line":13,"column":41}}],"line":13},"3":{"loc":{"start":{"line":14,"column":2},"end":{"line":14,"column":52}},"type":"if","locations":[{"start":{"line":14,"column":2},"end":{"line":14,"column":52}},{"start":{"line":14,"column":2},"end":{"line":14,"column":52}}],"line":14},"4":{"loc":{"start":{"line":17,"column":4},"end":{"line":22,"column":5}},"type":"if","locations":[{"start":{"line":17,"column":4},"end":{"line":22,"column":5}},{"start":{"line":17,"column":4},"end":{"line":22,"column":5}}],"line":17},"5":{"loc":{"start":{"line":21,"column":20},"end":{"line":21,"column":66}},"type":"cond-expr","locations":[{"start":{"line":21,"column":46},"end":{"line":21,"column":60}},{"start":{"line":21,"column":63},"end":{"line":21,"column":66}}],"line":21}},"s":{"0":1,"1":5,"2":1,"3":4,"4":1,"5":3,"6":1,"7":2,"8":2,"9":6,"10":5,"11":5,"12":2},"f":{"0":5},"b":{"0":[1,4],"1":[5,4],"2":[1,3],"3":[1,2],"4":[5,1],"5":[1,4]},"_coverageSchema":"1a1c01bbd47fc00a2c39e90264f33305004495a9","hash":"bc6e3937632f6c8fe85f4bbc294c1f49268c4243"}
,"E:\\pzy-workspace\\opensource-component\\vue2\\panzy-comm-js\\packages\\mapStruct.js": {"path":"E:\\pzy-workspace\\opensource-component\\vue2\\panzy-comm-js\\packages\\mapStruct.js","statementMap":{"0":{"start":{"line":14,"column":25},"end":{"line":58,"column":1}},"1":{"start":{"line":19,"column":2},"end":{"line":22,"column":3}},"2":{"start":{"line":21,"column":4},"end":{"line":21,"column":20}},"3":{"start":{"line":24,"column":2},"end":{"line":24,"column":53}},"4":{"start":{"line":24,"column":37},"end":{"line":24,"column":53}},"5":{"start":{"line":26,"column":2},"end":{"line":26,"column":64}},"6":{"start":{"line":26,"column":38},"end":{"line":26,"column":64}},"7":{"start":{"line":28,"column":20},"end":{"line":28,"column":43}},"8":{"start":{"line":30,"column":2},"end":{"line":56,"column":4}},"9":{"start":{"line":32,"column":16},"end":{"line":32,"column":36}},"10":{"start":{"line":34,"column":29},"end":{"line":34,"column":53}},"11":{"start":{"line":35,"column":4},"end":{"line":55,"column":5}},"12":{"start":{"line":36,"column":6},"end":{"line":47,"column":7}},"13":{"start":{"line":38,"column":8},"end":{"line":38,"column":41}},"14":{"start":{"line":42,"column":36},"end":{"line":44,"column":21}},"15":{"start":{"line":46,"column":8},"end":{"line":46,"column":76}},"16":{"start":{"line":48,"column":6},"end":{"line":51,"column":7}},"17":{"start":{"line":50,"column":8},"end":{"line":50,"column":34}},"18":{"start":{"line":54,"column":6},"end":{"line":54,"column":32}},"19":{"start":{"line":57,"column":2},"end":{"line":57,"column":18}},"20":{"start":{"line":69,"column":28},"end":{"line":86,"column":1}},"21":{"start":{"line":74,"column":2},"end":{"line":85,"column":3}},"22":{"start":{"line":75,"column":4},"end":{"line":75,"column":17}},"23":{"start":{"line":76,"column":9},"end":{"line":85,"column":3}},"24":{"start":{"line":77,"column":4},"end":{"line":77,"column":13}},"25":{"start":{"line":79,"column":19},"end":{"line":79,"column":21}},"26":{"start":{"line":80,"column":4},"end":{"line":83,"column":5}},"27":{"start":{"line":81,"column":18},"end":{"line":81,"column":70}},"28":{"start":{"line":82,"column":6},"end":{"line":82,"column":22}},"29":{"start":{"line":84,"column":4},"end":{"line":84,"column":17}}},"fnMap":{"0":{"name":"(anonymous_0)","decl":{"start":{"line":14,"column":25},"end":{"line":14,"column":26}},"loc":{"start":{"line":18,"column":5},"end":{"line":58,"column":1}},"line":18},"1":{"name":"(anonymous_1)","decl":{"start":{"line":30,"column":33},"end":{"line":30,"column":34}},"loc":{"start":{"line":30,"column":48},"end":{"line":56,"column":3}},"line":30},"2":{"name":"(anonymous_2)","decl":{"start":{"line":69,"column":28},"end":{"line":69,"column":29}},"loc":{"start":{"line":73,"column":5},"end":{"line":86,"column":1}},"line":73}},"branchMap":{"0":{"loc":{"start":{"line":17,"column":2},"end":{"line":17,"column":27}},"type":"default-arg","locations":[{"start":{"line":17,"column":22},"end":{"line":17,"column":27}}],"line":17},"1":{"loc":{"start":{"line":19,"column":2},"end":{"line":22,"column":3}},"type":"if","locations":[{"start":{"line":19,"column":2},"end":{"line":22,"column":3}},{"start":{"line":19,"column":2},"end":{"line":22,"column":3}}],"line":19},"2":{"loc":{"start":{"line":19,"column":6},"end":{"line":19,"column":51}},"type":"binary-expr","locations":[{"start":{"line":19,"column":6},"end":{"line":19,"column":24}},{"start":{"line":19,"column":28},"end":{"line":19,"column":51}}],"line":19},"3":{"loc":{"start":{"line":24,"column":2},"end":{"line":24,"column":53}},"type":"if","locations":[{"start":{"line":24,"column":2},"end":{"line":24,"column":53}},{"start":{"line":24,"column":2},"end":{"line":24,"column":53}}],"line":24},"4":{"loc":{"start":{"line":26,"column":2},"end":{"line":26,"column":64}},"type":"if","locations":[{"start":{"line":26,"column":2},"end":{"line":26,"column":64}},{"start":{"line":26,"column":2},"end":{"line":26,"column":64}}],"line":26},"5":{"loc":{"start":{"line":35,"column":4},"end":{"line":55,"column":5}},"type":"if","locations":[{"start":{"line":35,"column":4},"end":{"line":55,"column":5}},{"start":{"line":35,"column":4},"end":{"line":55,"column":5}}],"line":35},"6":{"loc":{"start":{"line":36,"column":6},"end":{"line":47,"column":7}},"type":"if","locations":[{"start":{"line":36,"column":6},"end":{"line":47,"column":7}},{"start":{"line":36,"column":6},"end":{"line":47,"column":7}}],"line":36},"7":{"loc":{"start":{"line":42,"column":36},"end":{"line":44,"column":21}},"type":"cond-expr","locations":[{"start":{"line":43,"column":12},"end":{"line":43,"column":45}},{"start":{"line":44,"column":12},"end":{"line":44,"column":21}}],"line":42},"8":{"loc":{"start":{"line":48,"column":6},"end":{"line":51,"column":7}},"type":"if","locations":[{"start":{"line":48,"column":6},"end":{"line":51,"column":7}},{"start":{"line":48,"column":6},"end":{"line":51,"column":7}}],"line":48},"9":{"loc":{"start":{"line":72,"column":2},"end":{"line":72,"column":27}},"type":"default-arg","locations":[{"start":{"line":72,"column":22},"end":{"line":72,"column":27}}],"line":72},"10":{"loc":{"start":{"line":74,"column":2},"end":{"line":85,"column":3}},"type":"if","locations":[{"start":{"line":74,"column":2},"end":{"line":85,"column":3}},{"start":{"line":74,"column":2},"end":{"line":85,"column":3}}],"line":74},"11":{"loc":{"start":{"line":74,"column":6},"end":{"line":74,"column":45}},"type":"binary-expr","locations":[{"start":{"line":74,"column":6},"end":{"line":74,"column":21}},{"start":{"line":74,"column":25},"end":{"line":74,"column":45}}],"line":74},"12":{"loc":{"start":{"line":76,"column":9},"end":{"line":85,"column":3}},"type":"if","locations":[{"start":{"line":76,"column":9},"end":{"line":85,"column":3}},{"start":{"line":76,"column":9},"end":{"line":85,"column":3}}],"line":76}},"s":{"0":1,"1":15,"2":2,"3":13,"4":1,"5":12,"6":1,"7":11,"8":11,"9":31,"10":31,"11":31,"12":22,"13":20,"14":2,"15":2,"16":22,"17":1,"18":9,"19":11,"20":1,"21":3,"22":1,"23":2,"24":1,"25":1,"26":1,"27":2,"28":2,"29":1},"f":{"0":15,"1":31,"2":3},"b":{"0":[12],"1":[2,13],"2":[15,14],"3":[1,12],"4":[1,11],"5":[22,9],"6":[20,2],"7":[1,1],"8":[1,21],"9":[3],"10":[1,2],"11":[3,2],"12":[1,1]},"_coverageSchema":"1a1c01bbd47fc00a2c39e90264f33305004495a9","hash":"f64bb6b452337766481957144b9c15dea8b42782"}
}
