{"E:\\pzy-workspace\\opensource-component\\vue2\\panzy-comm-js\\packages\\concurrencyControlWrapper.js": {"path":"E:\\pzy-workspace\\opensource-component\\vue2\\panzy-comm-js\\packages\\concurrencyControlWrapper.js","statementMap":{"0":{"start":{"line":22,"column":41},"end":{"line":40,"column":1}},"1":{"start":{"line":24,"column":18},"end":{"line":24,"column":23}},"2":{"start":{"line":25,"column":2},"end":{"line":39,"column":3}},"3":{"start":{"line":26,"column":4},"end":{"line":29,"column":5}},"4":{"start":{"line":28,"column":6},"end":{"line":28,"column":12}},"5":{"start":{"line":31,"column":4},"end":{"line":31,"column":20}},"6":{"start":{"line":32,"column":4},"end":{"line":38,"column":5}},"7":{"start":{"line":34,"column":6},"end":{"line":34,"column":39}},"8":{"start":{"line":37,"column":6},"end":{"line":37,"column":23}}},"fnMap":{"0":{"name":"(anonymous_0)","decl":{"start":{"line":22,"column":41},"end":{"line":22,"column":42}},"loc":{"start":{"line":22,"column":58},"end":{"line":40,"column":1}},"line":22},"1":{"name":"(anonymous_1)","decl":{"start":{"line":25,"column":9},"end":{"line":25,"column":10}},"loc":{"start":{"line":25,"column":28},"end":{"line":39,"column":3}},"line":25}},"branchMap":{"0":{"loc":{"start":{"line":26,"column":4},"end":{"line":29,"column":5}},"type":"if","locations":[{"start":{"line":26,"column":4},"end":{"line":29,"column":5}},{"start":{"line":26,"column":4},"end":{"line":29,"column":5}}],"line":26}},"s":{"0":1,"1":1,"2":1,"3":4,"4":3,"5":1,"6":1,"7":1,"8":1},"f":{"0":1,"1":4},"b":{"0":[3,1]},"_coverageSchema":"1a1c01bbd47fc00a2c39e90264f33305004495a9","hash":"75b2576a6971cfb0751be6526996fa2f6a364f27"}
,"E:\\pzy-workspace\\opensource-component\\vue2\\panzy-comm-js\\packages\\deepClone.js": {"path":"E:\\pzy-workspace\\opensource-component\\vue2\\panzy-comm-js\\packages\\deepClone.js","statementMap":{"0":{"start":{"line":10,"column":25},"end":{"line":24,"column":1}},"1":{"start":{"line":11,"column":2},"end":{"line":11,"column":51}},"2":{"start":{"line":11,"column":41},"end":{"line":11,"column":51}},"3":{"start":{"line":12,"column":2},"end":{"line":12,"column":41}},"4":{"start":{"line":12,"column":31},"end":{"line":12,"column":41}},"5":{"start":{"line":13,"column":2},"end":{"line":13,"column":52}},"6":{"start":{"line":13,"column":32},"end":{"line":13,"column":52}},"7":{"start":{"line":14,"column":17},"end":{"line":14,"column":38}},"8":{"start":{"line":15,"column":2},"end":{"line":22,"column":3}},"9":{"start":{"line":16,"column":4},"end":{"line":21,"column":5}},"10":{"start":{"line":18,"column":18},"end":{"line":18,"column":26}},"11":{"start":{"line":20,"column":6},"end":{"line":20,"column":66}},"12":{"start":{"line":23,"column":2},"end":{"line":23,"column":15}}},"fnMap":{"0":{"name":"(anonymous_0)","decl":{"start":{"line":10,"column":25},"end":{"line":10,"column":26}},"loc":{"start":{"line":10,"column":34},"end":{"line":24,"column":1}},"line":10}},"branchMap":{"0":{"loc":{"start":{"line":11,"column":2},"end":{"line":11,"column":51}},"type":"if","locations":[{"start":{"line":11,"column":2},"end":{"line":11,"column":51}},{"start":{"line":11,"column":2},"end":{"line":11,"column":51}}],"line":11},"1":{"loc":{"start":{"line":11,"column":6},"end":{"line":11,"column":39}},"type":"binary-expr","locations":[{"start":{"line":11,"column":6},"end":{"line":11,"column":18}},{"start":{"line":11,"column":22},"end":{"line":11,"column":39}}],"line":11},"2":{"loc":{"start":{"line":12,"column":2},"end":{"line":12,"column":41}},"type":"if","locations":[{"start":{"line":12,"column":2},"end":{"line":12,"column":41}},{"start":{"line":12,"column":2},"end":{"line":12,"column":41}}],"line":12},"3":{"loc":{"start":{"line":13,"column":2},"end":{"line":13,"column":52}},"type":"if","locations":[{"start":{"line":13,"column":2},"end":{"line":13,"column":52}},{"start":{"line":13,"column":2},"end":{"line":13,"column":52}}],"line":13},"4":{"loc":{"start":{"line":16,"column":4},"end":{"line":21,"column":5}},"type":"if","locations":[{"start":{"line":16,"column":4},"end":{"line":21,"column":5}},{"start":{"line":16,"column":4},"end":{"line":21,"column":5}}],"line":16},"5":{"loc":{"start":{"line":20,"column":20},"end":{"line":20,"column":66}},"type":"cond-expr","locations":[{"start":{"line":20,"column":46},"end":{"line":20,"column":60}},{"start":{"line":20,"column":63},"end":{"line":20,"column":66}}],"line":20}},"s":{"0":1,"1":5,"2":1,"3":4,"4":1,"5":3,"6":1,"7":2,"8":2,"9":6,"10":5,"11":5,"12":2},"f":{"0":5},"b":{"0":[1,4],"1":[5,4],"2":[1,3],"3":[1,2],"4":[5,1],"5":[1,4]},"_coverageSchema":"1a1c01bbd47fc00a2c39e90264f33305004495a9","hash":"ae4e1d36d2114d0096413ec2194e1bf257a89986"}
,"E:\\pzy-workspace\\opensource-component\\vue2\\panzy-comm-js\\packages\\mapStruct.js": {"path":"E:\\pzy-workspace\\opensource-component\\vue2\\panzy-comm-js\\packages\\mapStruct.js","statementMap":{"0":{"start":{"line":13,"column":25},"end":{"line":57,"column":1}},"1":{"start":{"line":18,"column":2},"end":{"line":21,"column":3}},"2":{"start":{"line":20,"column":4},"end":{"line":20,"column":20}},"3":{"start":{"line":23,"column":2},"end":{"line":23,"column":53}},"4":{"start":{"line":23,"column":37},"end":{"line":23,"column":53}},"5":{"start":{"line":25,"column":2},"end":{"line":25,"column":64}},"6":{"start":{"line":25,"column":38},"end":{"line":25,"column":64}},"7":{"start":{"line":27,"column":20},"end":{"line":27,"column":43}},"8":{"start":{"line":29,"column":2},"end":{"line":55,"column":4}},"9":{"start":{"line":31,"column":16},"end":{"line":31,"column":36}},"10":{"start":{"line":33,"column":29},"end":{"line":33,"column":53}},"11":{"start":{"line":34,"column":4},"end":{"line":54,"column":5}},"12":{"start":{"line":35,"column":6},"end":{"line":46,"column":7}},"13":{"start":{"line":37,"column":8},"end":{"line":37,"column":41}},"14":{"start":{"line":41,"column":36},"end":{"line":43,"column":21}},"15":{"start":{"line":45,"column":8},"end":{"line":45,"column":76}},"16":{"start":{"line":47,"column":6},"end":{"line":50,"column":7}},"17":{"start":{"line":49,"column":8},"end":{"line":49,"column":34}},"18":{"start":{"line":53,"column":6},"end":{"line":53,"column":32}},"19":{"start":{"line":56,"column":2},"end":{"line":56,"column":18}},"20":{"start":{"line":67,"column":28},"end":{"line":84,"column":1}},"21":{"start":{"line":72,"column":2},"end":{"line":83,"column":3}},"22":{"start":{"line":73,"column":4},"end":{"line":73,"column":17}},"23":{"start":{"line":74,"column":9},"end":{"line":83,"column":3}},"24":{"start":{"line":75,"column":4},"end":{"line":75,"column":13}},"25":{"start":{"line":77,"column":19},"end":{"line":77,"column":21}},"26":{"start":{"line":78,"column":4},"end":{"line":81,"column":5}},"27":{"start":{"line":79,"column":18},"end":{"line":79,"column":70}},"28":{"start":{"line":80,"column":6},"end":{"line":80,"column":22}},"29":{"start":{"line":82,"column":4},"end":{"line":82,"column":17}}},"fnMap":{"0":{"name":"(anonymous_0)","decl":{"start":{"line":13,"column":25},"end":{"line":13,"column":26}},"loc":{"start":{"line":17,"column":5},"end":{"line":57,"column":1}},"line":17},"1":{"name":"(anonymous_1)","decl":{"start":{"line":29,"column":33},"end":{"line":29,"column":34}},"loc":{"start":{"line":29,"column":48},"end":{"line":55,"column":3}},"line":29},"2":{"name":"(anonymous_2)","decl":{"start":{"line":67,"column":28},"end":{"line":67,"column":29}},"loc":{"start":{"line":71,"column":5},"end":{"line":84,"column":1}},"line":71}},"branchMap":{"0":{"loc":{"start":{"line":16,"column":2},"end":{"line":16,"column":27}},"type":"default-arg","locations":[{"start":{"line":16,"column":22},"end":{"line":16,"column":27}}],"line":16},"1":{"loc":{"start":{"line":18,"column":2},"end":{"line":21,"column":3}},"type":"if","locations":[{"start":{"line":18,"column":2},"end":{"line":21,"column":3}},{"start":{"line":18,"column":2},"end":{"line":21,"column":3}}],"line":18},"2":{"loc":{"start":{"line":18,"column":6},"end":{"line":18,"column":51}},"type":"binary-expr","locations":[{"start":{"line":18,"column":6},"end":{"line":18,"column":24}},{"start":{"line":18,"column":28},"end":{"line":18,"column":51}}],"line":18},"3":{"loc":{"start":{"line":23,"column":2},"end":{"line":23,"column":53}},"type":"if","locations":[{"start":{"line":23,"column":2},"end":{"line":23,"column":53}},{"start":{"line":23,"column":2},"end":{"line":23,"column":53}}],"line":23},"4":{"loc":{"start":{"line":25,"column":2},"end":{"line":25,"column":64}},"type":"if","locations":[{"start":{"line":25,"column":2},"end":{"line":25,"column":64}},{"start":{"line":25,"column":2},"end":{"line":25,"column":64}}],"line":25},"5":{"loc":{"start":{"line":34,"column":4},"end":{"line":54,"column":5}},"type":"if","locations":[{"start":{"line":34,"column":4},"end":{"line":54,"column":5}},{"start":{"line":34,"column":4},"end":{"line":54,"column":5}}],"line":34},"6":{"loc":{"start":{"line":35,"column":6},"end":{"line":46,"column":7}},"type":"if","locations":[{"start":{"line":35,"column":6},"end":{"line":46,"column":7}},{"start":{"line":35,"column":6},"end":{"line":46,"column":7}}],"line":35},"7":{"loc":{"start":{"line":41,"column":36},"end":{"line":43,"column":21}},"type":"cond-expr","locations":[{"start":{"line":42,"column":12},"end":{"line":42,"column":45}},{"start":{"line":43,"column":12},"end":{"line":43,"column":21}}],"line":41},"8":{"loc":{"start":{"line":47,"column":6},"end":{"line":50,"column":7}},"type":"if","locations":[{"start":{"line":47,"column":6},"end":{"line":50,"column":7}},{"start":{"line":47,"column":6},"end":{"line":50,"column":7}}],"line":47},"9":{"loc":{"start":{"line":70,"column":2},"end":{"line":70,"column":27}},"type":"default-arg","locations":[{"start":{"line":70,"column":22},"end":{"line":70,"column":27}}],"line":70},"10":{"loc":{"start":{"line":72,"column":2},"end":{"line":83,"column":3}},"type":"if","locations":[{"start":{"line":72,"column":2},"end":{"line":83,"column":3}},{"start":{"line":72,"column":2},"end":{"line":83,"column":3}}],"line":72},"11":{"loc":{"start":{"line":72,"column":6},"end":{"line":72,"column":45}},"type":"binary-expr","locations":[{"start":{"line":72,"column":6},"end":{"line":72,"column":21}},{"start":{"line":72,"column":25},"end":{"line":72,"column":45}}],"line":72},"12":{"loc":{"start":{"line":74,"column":9},"end":{"line":83,"column":3}},"type":"if","locations":[{"start":{"line":74,"column":9},"end":{"line":83,"column":3}},{"start":{"line":74,"column":9},"end":{"line":83,"column":3}}],"line":74}},"s":{"0":1,"1":15,"2":2,"3":13,"4":1,"5":12,"6":1,"7":11,"8":11,"9":31,"10":31,"11":31,"12":22,"13":20,"14":2,"15":2,"16":22,"17":1,"18":9,"19":11,"20":1,"21":3,"22":1,"23":2,"24":1,"25":1,"26":1,"27":2,"28":2,"29":1},"f":{"0":15,"1":31,"2":3},"b":{"0":[12],"1":[2,13],"2":[15,14],"3":[1,12],"4":[1,11],"5":[22,9],"6":[20,2],"7":[1,1],"8":[1,21],"9":[3],"10":[1,2],"11":[3,2],"12":[1,1]},"_coverageSchema":"1a1c01bbd47fc00a2c39e90264f33305004495a9","hash":"419c0a82a9cc426547c98d4d0875db6582a7ed18"}
}
