TN:
SF:packages\concurrencyControlWrapper.js
FN:24,(anonymous_0)
FN:27,(anonymous_1)
FNF:2
FNH:2
FNDA:5,(anonymous_0)
FNDA:8,(anonymous_1)
DA:24,1
DA:26,5
DA:27,5
DA:28,8
DA:30,3
DA:33,5
DA:34,5
DA:35,5
DA:36,5
DA:37,3
DA:38,1
DA:40,3
DA:41,2
DA:44,5
DA:46,5
DA:47,2
DA:48,2
DA:50,3
DA:51,2
DA:53,1
DA:57,5
LF:21
LH:21
BRDA:28,0,0,3
BRDA:28,0,1,5
BRDA:36,1,0,3
BRDA:36,1,1,2
BRDA:37,2,0,1
BRDA:37,2,1,2
BRDA:40,3,0,2
BRDA:40,3,1,1
BRDA:47,4,0,2
BRDA:47,4,1,1
BRDA:50,5,0,2
BRDA:50,5,1,1
BRF:12
BRH:12
end_of_record
TN:
SF:packages\deepClone.js
FN:11,(anonymous_0)
FNF:1
FNH:1
FNDA:5,(anonymous_0)
DA:11,1
DA:12,5
DA:13,4
DA:14,3
DA:15,2
DA:16,2
DA:17,6
DA:19,5
DA:21,5
DA:24,2
LF:10
LH:10
BRDA:12,0,0,1
BRDA:12,0,1,4
BRDA:12,1,0,5
BRDA:12,1,1,4
BRDA:13,2,0,1
BRDA:13,2,1,3
BRDA:14,3,0,1
BRDA:14,3,1,2
BRDA:17,4,0,5
BRDA:17,4,1,1
BRDA:21,5,0,1
BRDA:21,5,1,4
BRF:12
BRH:12
end_of_record
TN:
SF:packages\mapStruct.js
FN:14,(anonymous_0)
FN:30,(anonymous_1)
FN:69,(anonymous_2)
FNF:3
FNH:3
FNDA:15,(anonymous_0)
FNDA:31,(anonymous_1)
FNDA:3,(anonymous_2)
DA:14,1
DA:19,15
DA:21,2
DA:24,13
DA:26,12
DA:28,11
DA:30,11
DA:32,31
DA:34,31
DA:35,31
DA:36,22
DA:38,20
DA:42,2
DA:46,2
DA:48,22
DA:50,1
DA:54,9
DA:57,11
DA:69,1
DA:74,3
DA:75,1
DA:76,2
DA:77,1
DA:79,1
DA:80,1
DA:81,2
DA:82,2
DA:84,1
LF:28
LH:28
BRDA:17,0,0,12
BRDA:19,1,0,2
BRDA:19,1,1,13
BRDA:19,2,0,15
BRDA:19,2,1,14
BRDA:24,3,0,1
BRDA:24,3,1,12
BRDA:26,4,0,1
BRDA:26,4,1,11
BRDA:35,5,0,22
BRDA:35,5,1,9
BRDA:36,6,0,20
BRDA:36,6,1,2
BRDA:42,7,0,1
BRDA:42,7,1,1
BRDA:48,8,0,1
BRDA:48,8,1,21
BRDA:72,9,0,3
BRDA:74,10,0,1
BRDA:74,10,1,2
BRDA:74,11,0,3
BRDA:74,11,1,2
BRDA:76,12,0,1
BRDA:76,12,1,1
BRF:24
BRH:24
end_of_record
