TN:
SF:packages\concurrencyControlWrapper.js
FN:22,(anonymous_0)
FN:25,(anonymous_1)
FNF:2
FNH:2
FNDA:1,(anonymous_0)
FNDA:4,(anonymous_1)
DA:22,1
DA:24,1
DA:25,1
DA:26,4
DA:28,3
DA:31,1
DA:32,1
DA:34,1
DA:37,1
LF:9
LH:9
BRDA:26,0,0,3
BRDA:26,0,1,1
BRF:2
BRH:2
end_of_record
TN:
SF:packages\deepClone.js
FN:10,(anonymous_0)
FNF:1
FNH:1
FNDA:5,(anonymous_0)
DA:10,1
DA:11,5
DA:12,4
DA:13,3
DA:14,2
DA:15,2
DA:16,6
DA:18,5
DA:20,5
DA:23,2
LF:10
LH:10
BRDA:11,0,0,1
BRDA:11,0,1,4
BRDA:11,1,0,5
BRDA:11,1,1,4
BRDA:12,2,0,1
BRDA:12,2,1,3
BRDA:13,3,0,1
BRDA:13,3,1,2
BRDA:16,4,0,5
BRDA:16,4,1,1
BRDA:20,5,0,1
BRDA:20,5,1,4
BRF:12
BRH:12
end_of_record
TN:
SF:packages\mapStruct.js
FN:13,(anonymous_0)
FN:29,(anonymous_1)
FN:67,(anonymous_2)
FNF:3
FNH:3
FNDA:15,(anonymous_0)
FNDA:31,(anonymous_1)
FNDA:3,(anonymous_2)
DA:13,1
DA:18,15
DA:20,2
DA:23,13
DA:25,12
DA:27,11
DA:29,11
DA:31,31
DA:33,31
DA:34,31
DA:35,22
DA:37,20
DA:41,2
DA:45,2
DA:47,22
DA:49,1
DA:53,9
DA:56,11
DA:67,1
DA:72,3
DA:73,1
DA:74,2
DA:75,1
DA:77,1
DA:78,1
DA:79,2
DA:80,2
DA:82,1
LF:28
LH:28
BRDA:16,0,0,12
BRDA:18,1,0,2
BRDA:18,1,1,13
BRDA:18,2,0,15
BRDA:18,2,1,14
BRDA:23,3,0,1
BRDA:23,3,1,12
BRDA:25,4,0,1
BRDA:25,4,1,11
BRDA:34,5,0,22
BRDA:34,5,1,9
BRDA:35,6,0,20
BRDA:35,6,1,2
BRDA:41,7,0,1
BRDA:41,7,1,1
BRDA:47,8,0,1
BRDA:47,8,1,21
BRDA:70,9,0,3
BRDA:72,10,0,1
BRDA:72,10,1,2
BRDA:72,11,0,3
BRDA:72,11,1,2
BRDA:74,12,0,1
BRDA:74,12,1,1
BRF:24
BRH:24
end_of_record
